\BOOKMARK [1][-]{section.1}{\376\377\000I\000n\000t\000r\000o\000d\000u\000c\000t\000i\000o\000n}{}% 1
\BOOKMARK [1][-]{section.2}{\376\377\000B\000a\000c\000k\000g\000r\000o\000u\000n\000d}{}% 2
\BOOKMARK [2][-]{subsection.2.1}{\376\377\000R\000D\000M\000A\000\040\000p\000r\000o\000t\000o\000c\000o\000l}{section.2}% 3
\BOOKMARK [2][-]{subsection.2.2}{\376\377\000P\000r\000o\000g\000r\000a\000m\000m\000a\000b\000l\000e\000\040\000s\000w\000i\000t\000c\000h\000e\000s}{section.2}% 4
\BOOKMARK [2][-]{subsection.2.3}{\376\377\000D\000i\000s\000a\000g\000g\000r\000e\000g\000a\000t\000e\000d\000\040\000m\000e\000m\000o\000r\000y}{section.2}% 5
\BOOKMARK [1][-]{section.3}{\376\377\000S\000e\000r\000i\000a\000l\000i\000z\000a\000t\000i\000o\000n}{}% 6
\BOOKMARK [2][-]{subsection.3.1}{\376\377\000S\000w\000i\000t\000c\000h\000-\000e\000n\000f\000o\000r\000c\000e\000d\000\040\000o\000r\000d\000e\000r\000i\000n\000g}{section.3}% 7
\BOOKMARK [2][-]{subsection.3.2}{\376\377\000A\000t\000o\000m\000i\000c\000\040\000R\000D\000M\000A\000\040\000o\000p\000e\000r\000a\000t\000i\000o\000n\000s}{section.3}% 8
\BOOKMARK [2][-]{subsection.3.3}{\376\377\000I\000m\000p\000l\000i\000c\000a\000t\000i\000o\000n\000s}{section.3}% 9
\BOOKMARK [1][-]{section.4}{\376\377\000S\000w\000o\000r\000d\000B\000o\000x}{}% 10
\BOOKMARK [2][-]{subsection.4.1}{\376\377\000C\000o\000n\000n\000e\000c\000t\000i\000o\000n\000\040\000m\000u\000l\000t\000i\000p\000l\000e\000x\000i\000n\000g}{section.4}% 11
\BOOKMARK [2][-]{subsection.4.2}{\376\377\000S\000t\000a\000t\000e\000\040\000c\000a\000c\000h\000i\000n\000g}{section.4}% 12
\BOOKMARK [2][-]{subsection.4.3}{\376\377\000A\000t\000o\000m\000i\000c\000\040\000r\000e\000p\000l\000a\000c\000e\000m\000e\000n\000t}{section.4}% 13
\BOOKMARK [2][-]{subsection.4.4}{\376\377\000D\000i\000s\000a\000g\000g\000r\000e\000g\000a\000t\000e\000d\000\040\000m\000e\000m\000o\000r\000y}{section.4}% 14
\BOOKMARK [3][-]{subsubsection.4.4.1}{\376\377\000S\000h\000a\000r\000e\000d\000\040\000l\000o\000c\000k\000s}{subsection.4.4}% 15
\BOOKMARK [3][-]{subsubsection.4.4.2}{\376\377\000S\000t\000e\000e\000r\000i\000n\000g}{subsection.4.4}% 16
\BOOKMARK [2][-]{subsection.4.5}{\376\377\000F\000a\000i\000l\000u\000r\000e\000\040\000h\000a\000n\000d\000l\000i\000n\000g}{section.4}% 17
\BOOKMARK [1][-]{section.5}{\376\377\000I\000m\000p\000l\000e\000m\000e\000n\000t\000a\000t\000i\000o\000n}{}% 18
\BOOKMARK [2][-]{subsection.5.1}{\376\377\000C\000o\000n\000n\000e\000c\000t\000i\000o\000n\000\040\000s\000t\000e\000e\000r\000i\000n\000g}{section.5}% 19
\BOOKMARK [2][-]{subsection.5.2}{\376\377\000C\000o\000n\000n\000e\000c\000t\000i\000o\000n\000\040\000m\000u\000l\000t\000i\000p\000l\000e\000x\000i\000n\000g}{section.5}% 20
\BOOKMARK [1][-]{section.6}{\376\377\000E\000v\000a\000l\000u\000a\000t\000i\000o\000n}{}% 21
\BOOKMARK [2][-]{subsection.6.1}{\376\377\000T\000e\000s\000t\000b\000e\000d}{section.6}% 22
\BOOKMARK [2][-]{subsection.6.2}{\376\377\000A\000t\000o\000m\000i\000c\000\040\000r\000e\000p\000l\000a\000c\000e\000m\000e\000n\000t}{section.6}% 23
\BOOKMARK [2][-]{subsection.6.3}{\376\377\000S\000t\000e\000e\000r\000i\000n\000g\000\040\000i\000n\000\040\000C\000l\000o\000v\000e\000r}{section.6}% 24
\BOOKMARK [3][-]{subsubsection.6.3.1}{\376\377\000T\000h\000r\000o\000u\000g\000h\000p\000u\000t}{subsection.6.3}% 25
\BOOKMARK [3][-]{subsubsection.6.3.2}{\376\377\000B\000a\000n\000d\000w\000i\000d\000t\000h\000\040\000r\000e\000d\000u\000c\000t\000i\000o\000n}{subsection.6.3}% 26
\BOOKMARK [3][-]{subsubsection.6.3.3}{\376\377\000T\000a\000i\000l\000\040\000l\000a\000t\000e\000n\000c\000y}{subsection.6.3}% 27
\BOOKMARK [3][-]{subsubsection.6.3.4}{\376\377\000P\000a\000r\000t\000i\000a\000l\000\040\000s\000t\000e\000e\000r\000i\000n\000g}{subsection.6.3}% 28
\BOOKMARK [1][-]{section.7}{\376\377\000L\000i\000m\000i\000t\000a\000t\000i\000o\000n\000s}{}% 29
\BOOKMARK [1][-]{section.8}{\376\377\000C\000o\000n\000c\000l\000u\000s\000i\000o\000n}{}% 30
\BOOKMARK [1][-]{appendix.A}{\376\377\000A\000p\000p\000e\000n\000d\000i\000x}{}% 31
\BOOKMARK [2][-]{subsection.A.1}{\376\377\000P\000a\000c\000k\000e\000t\000\040\000s\000i\000z\000e}{appendix.A}% 32
\BOOKMARK [2][-]{subsection.A.2}{\376\377\000C\000o\000n\000t\000e\000n\000t\000i\000o\000n}{appendix.A}% 33
