+---------------------------------------------------------------------+
|  Log file: mau.resources.log                                        |
|  Compiler version: 9.7.0                                            |
|  Created on: Thu Aug 25 17:32:25 2022                               |
|  Run ID: ac1afde93bd1a59c                                           |
+---------------------------------------------------------------------+


---------------------------------------------------------------------------------------------------------------------------------------------------------------------------------------------------------------------------------------------------------------------------------------------------------------------------------------------------------------
| Stage Number | Exact Match Input xbar | Ternary Match Input xbar | Hash Bit | Hash Dist Unit | Gateway | SRAM | Map RAM | TCAM | VLIW Instr | Meter ALU | Stats ALU | Stash | Exact Match Search Bus | Exact Match Result Bus | Tind Result Bus | Action Data Bus Bytes | 8-bit Action Slots | 16-bit Action Slots | 32-bit Action Slots | Logical TableID |
---------------------------------------------------------------------------------------------------------------------------------------------------------------------------------------------------------------------------------------------------------------------------------------------------------------------------------------------------------------
|      0       |           28           |            0             |    70    |       1        |    4    |  4   |    0    |  0   |     2      |     0     |     0     |   1   |           4            |           2            |        0        |           4           |         0          |          0          |          0          |        5        |
|      1       |           2            |            0             |    14    |       1        |    1    |  2   |    2    |  0   |     1      |     1     |     0     |   0   |           1            |           1            |        0        |           1           |         0          |          0          |          0          |        1        |
|      2       |           1            |            0             |    0     |       0        |    1    |  2   |    2    |  0   |     1      |     1     |     0     |   0   |           1            |           0            |        1        |           2           |         0          |          0          |          0          |        1        |
|      3       |           4            |            0             |    14    |       1        |    2    |  3   |    3    |  0   |     1      |     1     |     0     |   0   |           1            |           2            |        1        |           0           |         0          |          0          |          0          |        3        |
|      4       |           0            |            0             |    0     |       0        |    0    |  0   |    0    |  0   |     0      |     0     |     0     |   0   |           0            |           0            |        0        |           0           |         0          |          0          |          0          |        0        |
|      5       |           0            |            0             |    0     |       0        |    0    |  0   |    0    |  0   |     0      |     0     |     0     |   0   |           0            |           0            |        0        |           0           |         0          |          0          |          0          |        0        |
|      6       |           0            |            0             |    0     |       0        |    0    |  0   |    0    |  0   |     0      |     0     |     0     |   0   |           0            |           0            |        0        |           0           |         0          |          0          |          0          |        0        |
|      7       |           0            |            0             |    0     |       0        |    0    |  0   |    0    |  0   |     0      |     0     |     0     |   0   |           0            |           0            |        0        |           0           |         0          |          0          |          0          |        0        |
|      8       |           0            |            0             |    0     |       0        |    0    |  0   |    0    |  0   |     0      |     0     |     0     |   0   |           0            |           0            |        0        |           0           |         0          |          0          |          0          |        0        |
|      9       |           0            |            0             |    0     |       0        |    0    |  0   |    0    |  0   |     0      |     0     |     0     |   0   |           0            |           0            |        0        |           0           |         0          |          0          |          0          |        0        |
|      10      |           0            |            0             |    0     |       0        |    0    |  0   |    0    |  0   |     0      |     0     |     0     |   0   |           0            |           0            |        0        |           0           |         0          |          0          |          0          |        0        |
|      11      |           0            |            0             |    0     |       0        |    0    |  0   |    0    |  0   |     0      |     0     |     0     |   0   |           0            |           0            |        0        |           0           |         0          |          0          |          0          |        0        |
|              |                        |                          |          |                |         |      |         |      |            |           |           |       |                        |                        |                 |                       |                    |                     |                     |                 |
|    Totals    |           35           |            0             |    98    |       3        |    8    |  11  |    7    |  0   |     5      |     3     |     0     |   1   |           7            |           5            |        2        |           7           |         0          |          0          |          0          |        10       |
---------------------------------------------------------------------------------------------------------------------------------------------------------------------------------------------------------------------------------------------------------------------------------------------------------------------------------------------------------------


-----------------------------------------------------------------------------------------------------------------------------------------------------------------------------------------------------------------------------------------------------------------------------------------------------------------------------------------------------------------
| Stage Number | Exact Match Input xbar | Ternary Match Input xbar | Hash Bit | Hash Dist Unit | Gateway |  SRAM | Map RAM |  TCAM | VLIW Instr | Meter ALU | Stats ALU | Stash | Exact Match Search Bus | Exact Match Result Bus | Tind Result Bus | Action Data Bus Bytes | 8-bit Action Slots | 16-bit Action Slots | 32-bit Action Slots | Logical TableID |
-----------------------------------------------------------------------------------------------------------------------------------------------------------------------------------------------------------------------------------------------------------------------------------------------------------------------------------------------------------------
|      0       |         21.88%         |          0.00%           |  16.83%  |     16.67%     |  25.00% | 5.00% |  0.00%  | 0.00% |   6.25%    |   0.00%   |   0.00%   | 6.25% |         25.00%         |         12.50%         |      0.00%      |         3.12%         |       0.00%        |        0.00%        |        0.00%        |      31.25%     |
|      1       |         1.56%          |          0.00%           |  3.37%   |     16.67%     |  6.25%  | 2.50% |  4.17%  | 0.00% |   3.12%    |   25.00%  |   0.00%   | 0.00% |         6.25%          |         6.25%          |      0.00%      |         0.78%         |       0.00%        |        0.00%        |        0.00%        |      6.25%      |
|      2       |         0.78%          |          0.00%           |  0.00%   |     0.00%      |  6.25%  | 2.50% |  4.17%  | 0.00% |   3.12%    |   25.00%  |   0.00%   | 0.00% |         6.25%          |         0.00%          |      6.25%      |         1.56%         |       0.00%        |        0.00%        |        0.00%        |      6.25%      |
|      3       |         3.12%          |          0.00%           |  3.37%   |     16.67%     |  12.50% | 3.75% |  6.25%  | 0.00% |   3.12%    |   25.00%  |   0.00%   | 0.00% |         6.25%          |         12.50%         |      6.25%      |         0.00%         |       0.00%        |        0.00%        |        0.00%        |      18.75%     |
|      4       |         0.00%          |          0.00%           |  0.00%   |     0.00%      |  0.00%  | 0.00% |  0.00%  | 0.00% |   0.00%    |   0.00%   |   0.00%   | 0.00% |         0.00%          |         0.00%          |      0.00%      |         0.00%         |       0.00%        |        0.00%        |        0.00%        |      0.00%      |
|      5       |         0.00%          |          0.00%           |  0.00%   |     0.00%      |  0.00%  | 0.00% |  0.00%  | 0.00% |   0.00%    |   0.00%   |   0.00%   | 0.00% |         0.00%          |         0.00%          |      0.00%      |         0.00%         |       0.00%        |        0.00%        |        0.00%        |      0.00%      |
|      6       |         0.00%          |          0.00%           |  0.00%   |     0.00%      |  0.00%  | 0.00% |  0.00%  | 0.00% |   0.00%    |   0.00%   |   0.00%   | 0.00% |         0.00%          |         0.00%          |      0.00%      |         0.00%         |       0.00%        |        0.00%        |        0.00%        |      0.00%      |
|      7       |         0.00%          |          0.00%           |  0.00%   |     0.00%      |  0.00%  | 0.00% |  0.00%  | 0.00% |   0.00%    |   0.00%   |   0.00%   | 0.00% |         0.00%          |         0.00%          |      0.00%      |         0.00%         |       0.00%        |        0.00%        |        0.00%        |      0.00%      |
|      8       |         0.00%          |          0.00%           |  0.00%   |     0.00%      |  0.00%  | 0.00% |  0.00%  | 0.00% |   0.00%    |   0.00%   |   0.00%   | 0.00% |         0.00%          |         0.00%          |      0.00%      |         0.00%         |       0.00%        |        0.00%        |        0.00%        |      0.00%      |
|      9       |         0.00%          |          0.00%           |  0.00%   |     0.00%      |  0.00%  | 0.00% |  0.00%  | 0.00% |   0.00%    |   0.00%   |   0.00%   | 0.00% |         0.00%          |         0.00%          |      0.00%      |         0.00%         |       0.00%        |        0.00%        |        0.00%        |      0.00%      |
|      10      |         0.00%          |          0.00%           |  0.00%   |     0.00%      |  0.00%  | 0.00% |  0.00%  | 0.00% |   0.00%    |   0.00%   |   0.00%   | 0.00% |         0.00%          |         0.00%          |      0.00%      |         0.00%         |       0.00%        |        0.00%        |        0.00%        |      0.00%      |
|      11      |         0.00%          |          0.00%           |  0.00%   |     0.00%      |  0.00%  | 0.00% |  0.00%  | 0.00% |   0.00%    |   0.00%   |   0.00%   | 0.00% |         0.00%          |         0.00%          |      0.00%      |         0.00%         |       0.00%        |        0.00%        |        0.00%        |      0.00%      |
|              |                        |                          |          |                |         |       |         |       |            |           |           |       |                        |                        |                 |                       |                    |                     |                     |                 |
|   Average    |         6.84%          |          0.00%           |  5.89%   |     12.50%     |  12.50% | 3.44% |  3.65%  | 0.00% |   3.91%    |   18.75%  |   0.00%   | 1.56% |         10.94%         |         7.81%          |      3.12%      |         1.37%         |       0.00%        |        0.00%        |        0.00%        |      15.62%     |
-----------------------------------------------------------------------------------------------------------------------------------------------------------------------------------------------------------------------------------------------------------------------------------------------------------------------------------------------------------------


Allocated Resource Usage
------------------------------------------------------------------------------------------------------------------------------------------------
|                Table                | Stage  | Crossbar | Hash | Gateways | RAMs | TCAMs | Map  | Action |  VLIW |  Exm   |  Exm   |  Tind  |
|                 Name                | Number |  Bytes   | Bits |          |      |       | RAMs |  Data  | Slots | Search | Result | Result |
|                                     |        |          |      |          |      |       |      |  Bus   |       |  Bus   |  Bus   |  Bus   |
|                                     |        |          |      |          |      |       |      | Bytes  |       |        |        |        |
------------------------------------------------------------------------------------------------------------------------------------------------
|  SwitchIngressParser.$PORT_METADATA |   -1   |    0     |  0   |    0     |  0   |   0   |  0   |   0    |   0   |   0    |   0    |   0    |
|        SwitchIngress.forward        |   0    |    6     |  40  |    0     |  4   |   0   |  0   |   2    |   3   |   1    |   1    |   0    |
|                cond-3               |   0    |    9     |  8   |    1     |  0   |   0   |  0   |   0    |   0   |   1    |   0    |   0    |
|             cond-3$split            |   0    |    1     |  0   |    1     |  0   |   0   |  0   |   0    |   0   |   1    |   0    |   0    |
|          cond-3$split$split         |   0    |    9     |  8   |    1     |  0   |   0   |  0   |   0    |   0   |   1    |   0    |   0    |
|              tbl_bs434              |   0    |    3     |  14  |    0     |  0   |   0   |  0   |   2    |   1   |   0    |   1    |   0    |
|          tbl_bs434-gateway          |   0    |    0     |  0   |    1     |  0   |   0   |  0   |   0    |   0   |   1    |   0    |   0    |
|     SwitchIngress.id_exists_reg     |   1    |    0     |  0   |    0     |  2   |   0   |  2   |   0    |   0   |   0    |   0    |   0    |
|     tbl_check_and_set_id_exists     |   1    |    2     |  14  |    0     |  0   |   0   |  0   |   1    |   1   |   0    |   1    |   0    |
| tbl_check_and_set_id_exists-gateway |   1    |    0     |  0   |    1     |  0   |   0   |  0   |   0    |   0   |   1    |   0    |   0    |
|       SwitchIngress.id_counter      |   2    |    0     |  0   |    0     |  2   |   0   |  2   |   0    |   0   |   0    |   0    |   0    |
|                cond-4               |   2    |    1     |  0   |    1     |  0   |   0   |  0   |   0    |   0   |   1    |   0    |   0    |
|            tbl_gen_new_id           |   2    |    0     |  0   |    0     |  0   |   0   |  0   |   2    |   1   |   0    |   0    |   1    |
|       SwitchIngress.qp_id_reg       |   3    |    2     |  0   |    0     |  3   |   0   |  3   |   0    |   0   |   0    |   0    |   0    |
|              tbl_bs555              |   3    |    0     |  0   |    0     |  0   |   0   |  0   |   0    |   1   |   0    |   0    |   1    |
|             tbl_read_id             |   3    |    2     |  14  |    0     |  0   |   0   |  0   |   0    |   1   |   0    |   1    |   0    |
|         tbl_read_id-gateway         |   3    |    0     |  0   |    1     |  0   |   0   |  0   |   0    |   0   |   1    |   0    |   0    |
|           tbl_write_new_id          |   3    |    0     |  0   |    0     |  0   |   0   |  0   |   0    |   1   |   0    |   1    |   0    |
|       tbl_write_new_id-gateway      |   3    |    0     |  0   |    1     |  0   |   0   |  0   |   0    |   0   |   1    |   0    |   0    |
------------------------------------------------------------------------------------------------------------------------------------------------