+---------------------------------------------------------------------+
|  Log file: mau.resources.log                                        |
|  Compiler version: 9.7.0                                            |
|  Created on: Thu Aug 25 17:37:50 2022                               |
|  Run ID: 8ab0814a90070172                                           |
+---------------------------------------------------------------------+


---------------------------------------------------------------------------------------------------------------------------------------------------------------------------------------------------------------------------------------------------------------------------------------------------------------------------------------------------------------
| Stage Number | Exact Match Input xbar | Ternary Match Input xbar | Hash Bit | Hash Dist Unit | Gateway | SRAM | Map RAM | TCAM | VLIW Instr | Meter ALU | Stats ALU | Stash | Exact Match Search Bus | Exact Match Result Bus | Tind Result Bus | Action Data Bus Bytes | 8-bit Action Slots | 16-bit Action Slots | 32-bit Action Slots | Logical TableID |
---------------------------------------------------------------------------------------------------------------------------------------------------------------------------------------------------------------------------------------------------------------------------------------------------------------------------------------------------------------
|      0       |           28           |            0             |    70    |       1        |    4    |  4   |    0    |  0   |     2      |     0     |     0     |   1   |           4            |           2            |        0        |           4           |         0          |          0          |          0          |        5        |
|      1       |           2            |            0             |    14    |       1        |    1    |  2   |    2    |  0   |     1      |     1     |     0     |   0   |           1            |           1            |        0        |           1           |         0          |          0          |          0          |        1        |
|      2       |           1            |            0             |    0     |       0        |    1    |  2   |    2    |  0   |     1      |     1     |     0     |   0   |           1            |           0            |        1        |           2           |         0          |          0          |          0          |        1        |
|      3       |           5            |            0             |    14    |       1        |    3    |  3   |    3    |  0   |     2      |     1     |     0     |   0   |           2            |           2            |        2        |           2           |         0          |          0          |          0          |        4        |
|      4       |           12           |            0             |    32    |       2        |    6    |  39  |    39   |  0   |     2      |     3     |     0     |   0   |           3            |           6            |        1        |           9           |         0          |          0          |          0          |        6        |
|      5       |           9            |            0             |    8     |       1        |    2    |  4   |    4    |  0   |     2      |     2     |     0     |   0   |           1            |           2            |        0        |           8           |         0          |          0          |          0          |        2        |
|      6       |           8            |            0             |    0     |       0        |    2    |  0   |    0    |  0   |     2      |     0     |     0     |   0   |           2            |           0            |        2        |           0           |         0          |          0          |          0          |        3        |
|      7       |           0            |            0             |    0     |       0        |    0    |  0   |    0    |  0   |     0      |     0     |     0     |   0   |           0            |           0            |        0        |           0           |         0          |          0          |          0          |        0        |
|      8       |           0            |            0             |    0     |       0        |    0    |  0   |    0    |  0   |     0      |     0     |     0     |   0   |           0            |           0            |        0        |           0           |         0          |          0          |          0          |        0        |
|      9       |           0            |            0             |    0     |       0        |    0    |  0   |    0    |  0   |     0      |     0     |     0     |   0   |           0            |           0            |        0        |           0           |         0          |          0          |          0          |        0        |
|      10      |           0            |            0             |    0     |       0        |    0    |  0   |    0    |  0   |     0      |     0     |     0     |   0   |           0            |           0            |        0        |           0           |         0          |          0          |          0          |        0        |
|      11      |           0            |            0             |    0     |       0        |    0    |  0   |    0    |  0   |     0      |     0     |     0     |   0   |           0            |           0            |        0        |           0           |         0          |          0          |          0          |        0        |
|              |                        |                          |          |                |         |      |         |      |            |           |           |       |                        |                        |                 |                       |                    |                     |                     |                 |
|    Totals    |           65           |            0             |   138    |       6        |    19   |  54  |    50   |  0   |     12     |     8     |     0     |   1   |           14           |           13           |        6        |           26          |         0          |          0          |          0          |        22       |
---------------------------------------------------------------------------------------------------------------------------------------------------------------------------------------------------------------------------------------------------------------------------------------------------------------------------------------------------------------


------------------------------------------------------------------------------------------------------------------------------------------------------------------------------------------------------------------------------------------------------------------------------------------------------------------------------------------------------------------
| Stage Number | Exact Match Input xbar | Ternary Match Input xbar | Hash Bit | Hash Dist Unit | Gateway |  SRAM  | Map RAM |  TCAM | VLIW Instr | Meter ALU | Stats ALU | Stash | Exact Match Search Bus | Exact Match Result Bus | Tind Result Bus | Action Data Bus Bytes | 8-bit Action Slots | 16-bit Action Slots | 32-bit Action Slots | Logical TableID |
------------------------------------------------------------------------------------------------------------------------------------------------------------------------------------------------------------------------------------------------------------------------------------------------------------------------------------------------------------------
|      0       |         21.88%         |          0.00%           |  16.83%  |     16.67%     |  25.00% | 5.00%  |  0.00%  | 0.00% |   6.25%    |   0.00%   |   0.00%   | 6.25% |         25.00%         |         12.50%         |      0.00%      |         3.12%         |       0.00%        |        0.00%        |        0.00%        |      31.25%     |
|      1       |         1.56%          |          0.00%           |  3.37%   |     16.67%     |  6.25%  | 2.50%  |  4.17%  | 0.00% |   3.12%    |   25.00%  |   0.00%   | 0.00% |         6.25%          |         6.25%          |      0.00%      |         0.78%         |       0.00%        |        0.00%        |        0.00%        |      6.25%      |
|      2       |         0.78%          |          0.00%           |  0.00%   |     0.00%      |  6.25%  | 2.50%  |  4.17%  | 0.00% |   3.12%    |   25.00%  |   0.00%   | 0.00% |         6.25%          |         0.00%          |      6.25%      |         1.56%         |       0.00%        |        0.00%        |        0.00%        |      6.25%      |
|      3       |         3.91%          |          0.00%           |  3.37%   |     16.67%     |  18.75% | 3.75%  |  6.25%  | 0.00% |   6.25%    |   25.00%  |   0.00%   | 0.00% |         12.50%         |         12.50%         |      12.50%     |         1.56%         |       0.00%        |        0.00%        |        0.00%        |      25.00%     |
|      4       |         9.38%          |          0.00%           |  7.69%   |     33.33%     |  37.50% | 48.75% |  81.25% | 0.00% |   6.25%    |   75.00%  |   0.00%   | 0.00% |         18.75%         |         37.50%         |      6.25%      |         7.03%         |       0.00%        |        0.00%        |        0.00%        |      37.50%     |
|      5       |         7.03%          |          0.00%           |  1.92%   |     16.67%     |  12.50% | 5.00%  |  8.33%  | 0.00% |   6.25%    |   50.00%  |   0.00%   | 0.00% |         6.25%          |         12.50%         |      0.00%      |         6.25%         |       0.00%        |        0.00%        |        0.00%        |      12.50%     |
|      6       |         6.25%          |          0.00%           |  0.00%   |     0.00%      |  12.50% | 0.00%  |  0.00%  | 0.00% |   6.25%    |   0.00%   |   0.00%   | 0.00% |         12.50%         |         0.00%          |      12.50%     |         0.00%         |       0.00%        |        0.00%        |        0.00%        |      18.75%     |
|      7       |         0.00%          |          0.00%           |  0.00%   |     0.00%      |  0.00%  | 0.00%  |  0.00%  | 0.00% |   0.00%    |   0.00%   |   0.00%   | 0.00% |         0.00%          |         0.00%          |      0.00%      |         0.00%         |       0.00%        |        0.00%        |        0.00%        |      0.00%      |
|      8       |         0.00%          |          0.00%           |  0.00%   |     0.00%      |  0.00%  | 0.00%  |  0.00%  | 0.00% |   0.00%    |   0.00%   |   0.00%   | 0.00% |         0.00%          |         0.00%          |      0.00%      |         0.00%         |       0.00%        |        0.00%        |        0.00%        |      0.00%      |
|      9       |         0.00%          |          0.00%           |  0.00%   |     0.00%      |  0.00%  | 0.00%  |  0.00%  | 0.00% |   0.00%    |   0.00%   |   0.00%   | 0.00% |         0.00%          |         0.00%          |      0.00%      |         0.00%         |       0.00%        |        0.00%        |        0.00%        |      0.00%      |
|      10      |         0.00%          |          0.00%           |  0.00%   |     0.00%      |  0.00%  | 0.00%  |  0.00%  | 0.00% |   0.00%    |   0.00%   |   0.00%   | 0.00% |         0.00%          |         0.00%          |      0.00%      |         0.00%         |       0.00%        |        0.00%        |        0.00%        |      0.00%      |
|      11      |         0.00%          |          0.00%           |  0.00%   |     0.00%      |  0.00%  | 0.00%  |  0.00%  | 0.00% |   0.00%    |   0.00%   |   0.00%   | 0.00% |         0.00%          |         0.00%          |      0.00%      |         0.00%         |       0.00%        |        0.00%        |        0.00%        |      0.00%      |
|              |                        |                          |          |                |         |        |         |       |            |           |           |       |                        |                        |                 |                       |                    |                     |                     |                 |
|   Average    |         7.25%          |          0.00%           |  4.74%   |     14.29%     |  16.96% | 9.64%  |  14.88% | 0.00% |   5.36%    |   28.57%  |   0.00%   | 0.89% |         12.50%         |         11.61%         |      5.36%      |         2.90%         |       0.00%        |        0.00%        |        0.00%        |      19.64%     |
------------------------------------------------------------------------------------------------------------------------------------------------------------------------------------------------------------------------------------------------------------------------------------------------------------------------------------------------------------------


Allocated Resource Usage
---------------------------------------------------------------------------------------------------------------------------------------------------------
|                    Table                     | Stage  | Crossbar | Hash | Gateways | RAMs | TCAMs | Map  | Action |  VLIW |  Exm   |  Exm   |  Tind  |
|                     Name                     | Number |  Bytes   | Bits |          |      |       | RAMs |  Data  | Slots | Search | Result | Result |
|                                              |        |          |      |          |      |       |      |  Bus   |       |  Bus   |  Bus   |  Bus   |
|                                              |        |          |      |          |      |       |      | Bytes  |       |        |        |        |
---------------------------------------------------------------------------------------------------------------------------------------------------------
|      SwitchIngressParser.$PORT_METADATA      |   -1   |    0     |  0   |    0     |  0   |   0   |  0   |   0    |   0   |   0    |   0    |   0    |
|            SwitchIngress.forward             |   0    |    6     |  40  |    0     |  4   |   0   |  0   |   2    |   3   |   1    |   1    |   0    |
|                    cond-7                    |   0    |    9     |  8   |    1     |  0   |   0   |  0   |   0    |   0   |   1    |   0    |   0    |
|                 cond-7$split                 |   0    |    1     |  0   |    1     |  0   |   0   |  0   |   0    |   0   |   1    |   0    |   0    |
|              cond-7$split$split              |   0    |    9     |  8   |    1     |  0   |   0   |  0   |   0    |   0   |   1    |   0    |   0    |
|                  tbl_bs434                   |   0    |    3     |  14  |    0     |  0   |   0   |  0   |   2    |   1   |   0    |   1    |   0    |
|              tbl_bs434-gateway               |   0    |    0     |  0   |    1     |  0   |   0   |  0   |   0    |   0   |   1    |   0    |   0    |
|         SwitchIngress.id_exists_reg          |   1    |    0     |  0   |    0     |  2   |   0   |  2   |   0    |   0   |   0    |   0    |   0    |
|         tbl_check_and_set_id_exists          |   1    |    2     |  14  |    0     |  0   |   0   |  0   |   1    |   1   |   0    |   1    |   0    |
|     tbl_check_and_set_id_exists-gateway      |   1    |    0     |  0   |    1     |  0   |   0   |  0   |   0    |   0   |   1    |   0    |   0    |
|           SwitchIngress.id_counter           |   2    |    0     |  0   |    0     |  2   |   0   |  2   |   0    |   0   |   0    |   0    |   0    |
|                    cond-8                    |   2    |    1     |  0   |    1     |  0   |   0   |  0   |   0    |   0   |   1    |   0    |   0    |
|                tbl_gen_new_id                |   2    |    0     |  0   |    0     |  0   |   0   |  0   |   2    |   1   |   0    |   0    |   1    |
|           SwitchIngress.qp_id_reg            |   3    |    2     |  0   |    0     |  3   |   0   |  3   |   0    |   0   |   0    |   0    |   0    |
|                    cond-9                    |   3    |    1     |  0   |    1     |  0   |   0   |  0   |   0    |   0   |   1    |   0    |   0    |
|                  tbl_bs449                   |   3    |    0     |  0   |    0     |  0   |   0   |  0   |   0    |   1   |   0    |   0    |   1    |
|                  tbl_bs452                   |   3    |    0     |  0   |    0     |  0   |   0   |  0   |   0    |   1   |   0    |   0    |   1    |
|                 tbl_read_id                  |   3    |    2     |  14  |    0     |  0   |   0   |  0   |   2    |   1   |   0    |   1    |   0    |
|             tbl_read_id-gateway              |   3    |    0     |  0   |    1     |  0   |   0   |  0   |   0    |   0   |   1    |   0    |   0    |
|               tbl_write_new_id               |   3    |    0     |  0   |    0     |  0   |   0   |  0   |   2    |   1   |   0    |   1    |   0    |
|           tbl_write_new_id-gateway           |   3    |    0     |  0   |    1     |  0   |   0   |  0   |   0    |   0   |   1    |   0    |   0    |
|          SwitchIngress.latest_keys           |   4    |    1     |  0   |    0     |  5   |   0   |  5   |   0    |   0   |   0    |   0    |   0    |
|  SwitchIngress.outstanding_write_vaddr_high  |   4    |    4     |  0   |    0     |  17  |   0   |  17  |   0    |   0   |   0    |   0    |   0    |
|  SwitchIngress.outstanding_write_vaddr_low   |   4    |    4     |  0   |    0     |  17  |   0   |  17  |   0    |   0   |   0    |   0    |   0    |
|                   cond-10                    |   4    |    1     |  0   |    1     |  0   |   0   |  0   |   0    |   0   |   1    |   0    |   1    |
|              tbl_get_latest_key              |   4    |    2     |  16  |    0     |  0   |   0   |  0   |   1    |   1   |   0    |   1    |   0    |
|     tbl_get_outstanding_write_vaddr_high     |   4    |    0     |  0   |    0     |  0   |   0   |  0   |   4    |   1   |   0    |   1    |   0    |
| tbl_get_outstanding_write_vaddr_high-gateway |   4    |    0     |  0   |    1     |  0   |   0   |  0   |   0    |   0   |   1    |   0    |   0    |
|     tbl_get_outstanding_write_vaddr_low      |   4    |    2     |  16  |    0     |  0   |   0   |  0   |   4    |   1   |   0    |   1    |   0    |
| tbl_get_outstanding_write_vaddr_low-gateway  |   4    |    0     |  0   |    1     |  0   |   0   |  0   |   0    |   0   |   1    |   0    |   0    |
|              tbl_set_latest_key              |   4    |    0     |  0   |    0     |  0   |   0   |  0   |   1    |   1   |   0    |   1    |   0    |
|          tbl_set_latest_key-gateway          |   4    |    0     |  0   |    1     |  0   |   0   |  0   |   0    |   0   |   1    |   0    |   0    |
|     tbl_set_outstanding_write_vaddr_high     |   4    |    0     |  0   |    0     |  0   |   0   |  0   |   4    |   1   |   0    |   1    |   0    |
| tbl_set_outstanding_write_vaddr_high-gateway |   4    |    0     |  0   |    1     |  0   |   0   |  0   |   0    |   0   |   1    |   0    |   0    |
|     tbl_set_outstanding_write_vaddr_low      |   4    |    0     |  0   |    0     |  0   |   0   |  0   |   4    |   1   |   0    |   1    |   0    |
| tbl_set_outstanding_write_vaddr_low-gateway  |   4    |    0     |  0   |    1     |  0   |   0   |  0   |   0    |   0   |   1    |   0    |   0    |
|        SwitchIngress.next_vaddr_high         |   5    |    4     |  0   |    0     |  2   |   0   |  2   |   0    |   0   |   0    |   0    |   0    |
|         SwitchIngress.next_vaddr_low         |   5    |    4     |  0   |    0     |  2   |   0   |  2   |   0    |   0   |   0    |   0    |   0    |
|       tbl_get_then_set_next_vaddr_high       |   5    |    0     |  0   |    0     |  0   |   0   |  0   |   4    |   1   |   0    |   1    |   0    |
|   tbl_get_then_set_next_vaddr_high-gateway   |   5    |    0     |  0   |    1     |  0   |   0   |  0   |   0    |   0   |   1    |   0    |   0    |
|       tbl_get_then_set_next_vaddr_low        |   5    |    1     |  8   |    0     |  0   |   0   |  0   |   4    |   1   |   0    |   1    |   0    |
|   tbl_get_then_set_next_vaddr_low-gateway    |   5    |    0     |  0   |    1     |  0   |   0   |  0   |   0    |   0   |   1    |   0    |   0    |
|                   cond-11                    |   6    |    4     |  0   |    1     |  0   |   0   |  0   |   0    |   0   |   1    |   0    |   0    |
|                   cond-12                    |   6    |    8     |  0   |    1     |  0   |   0   |  0   |   0    |   0   |   1    |   0    |   0    |
|                  tbl_bs496                   |   6    |    0     |  0   |    0     |  0   |   0   |  0   |   0    |   1   |   0    |   0    |   1    |
|                  tbl_bs563                   |   6    |    0     |  0   |    0     |  0   |   0   |  0   |   0    |   1   |   0    |   0    |   1    |
---------------------------------------------------------------------------------------------------------------------------------------------------------