+---------------------------------------------------------------------+
|  Log file: mau.resources.log                                        |
|  Compiler version: 9.7.0                                            |
|  Created on: Thu Aug 25 17:39:33 2022                               |
|  Run ID: 81ad55f992d79311                                           |
+---------------------------------------------------------------------+


---------------------------------------------------------------------------------------------------------------------------------------------------------------------------------------------------------------------------------------------------------------------------------------------------------------------------------------------------------------
| Stage Number | Exact Match Input xbar | Ternary Match Input xbar | Hash Bit | Hash Dist Unit | Gateway | SRAM | Map RAM | TCAM | VLIW Instr | Meter ALU | Stats ALU | Stash | Exact Match Search Bus | Exact Match Result Bus | Tind Result Bus | Action Data Bus Bytes | 8-bit Action Slots | 16-bit Action Slots | 32-bit Action Slots | Logical TableID |
---------------------------------------------------------------------------------------------------------------------------------------------------------------------------------------------------------------------------------------------------------------------------------------------------------------------------------------------------------------
|      0       |           29           |            0             |    70    |       1        |    4    |  4   |    0    |  0   |     3      |     0     |     0     |   1   |           4            |           2            |        1        |           4           |         0          |          0          |          0          |        6        |
|      1       |           2            |            0             |    14    |       1        |    1    |  2   |    2    |  0   |     1      |     1     |     0     |   0   |           1            |           1            |        0        |           4           |         0          |          0          |          0          |        1        |
|      2       |           1            |            0             |    0     |       0        |    1    |  2   |    2    |  0   |     1      |     1     |     0     |   0   |           1            |           0            |        1        |           5           |         0          |          0          |          0          |        1        |
|      3       |           5            |            0             |    30    |       1        |    3    |  3   |    3    |  0   |     2      |     1     |     0     |   0   |           2            |           2            |        2        |           5           |         0          |          0          |          0          |        4        |
|      4       |           14           |            0             |    96    |       2        |    9    |  39  |    39   |  0   |     4      |     3     |     0     |   0   |           7            |           6            |        3        |           9           |         0          |          0          |          0          |        9        |
|      5       |           15           |            0             |   110    |       3        |    4    |  37  |    37   |  0   |     2      |     3     |     0     |   0   |           2            |           4            |        0        |           9           |         0          |          0          |          0          |        4        |
|      6       |           32           |            0             |   118    |       3        |    8    |  37  |    37   |  0   |     3      |     3     |     0     |   0   |           5            |           6            |        2        |           12          |         0          |          0          |          0          |        8        |
|      7       |           12           |            0             |    54    |       2        |    3    |  35  |    35   |  0   |     1      |     2     |     0     |   0   |           2            |           2            |        3        |           0           |         0          |          0          |          0          |        5        |
|      8       |           0            |            0             |    0     |       0        |    0    |  0   |    0    |  0   |     0      |     0     |     0     |   0   |           0            |           0            |        0        |           0           |         0          |          0          |          0          |        0        |
|      9       |           0            |            0             |    0     |       0        |    0    |  0   |    0    |  0   |     0      |     0     |     0     |   0   |           0            |           0            |        0        |           0           |         0          |          0          |          0          |        0        |
|      10      |           0            |            0             |    0     |       0        |    0    |  0   |    0    |  0   |     0      |     0     |     0     |   0   |           0            |           0            |        0        |           0           |         0          |          0          |          0          |        0        |
|      11      |           0            |            0             |    0     |       0        |    0    |  0   |    0    |  0   |     0      |     0     |     0     |   0   |           0            |           0            |        0        |           0           |         0          |          0          |          0          |        0        |
|              |                        |                          |          |                |         |      |         |      |            |           |           |       |                        |                        |                 |                       |                    |                     |                     |                 |
|    Totals    |          110           |            0             |   492    |       13       |    33   | 159  |   155   |  0   |     17     |     14    |     0     |   1   |           24           |           23           |        12       |           48          |         0          |          0          |          0          |        38       |
---------------------------------------------------------------------------------------------------------------------------------------------------------------------------------------------------------------------------------------------------------------------------------------------------------------------------------------------------------------


------------------------------------------------------------------------------------------------------------------------------------------------------------------------------------------------------------------------------------------------------------------------------------------------------------------------------------------------------------------
| Stage Number | Exact Match Input xbar | Ternary Match Input xbar | Hash Bit | Hash Dist Unit | Gateway |  SRAM  | Map RAM |  TCAM | VLIW Instr | Meter ALU | Stats ALU | Stash | Exact Match Search Bus | Exact Match Result Bus | Tind Result Bus | Action Data Bus Bytes | 8-bit Action Slots | 16-bit Action Slots | 32-bit Action Slots | Logical TableID |
------------------------------------------------------------------------------------------------------------------------------------------------------------------------------------------------------------------------------------------------------------------------------------------------------------------------------------------------------------------
|      0       |         22.66%         |          0.00%           |  16.83%  |     16.67%     |  25.00% | 5.00%  |  0.00%  | 0.00% |   9.38%    |   0.00%   |   0.00%   | 6.25% |         25.00%         |         12.50%         |      6.25%      |         3.12%         |       0.00%        |        0.00%        |        0.00%        |      37.50%     |
|      1       |         1.56%          |          0.00%           |  3.37%   |     16.67%     |  6.25%  | 2.50%  |  4.17%  | 0.00% |   3.12%    |   25.00%  |   0.00%   | 0.00% |         6.25%          |         6.25%          |      0.00%      |         3.12%         |       0.00%        |        0.00%        |        0.00%        |      6.25%      |
|      2       |         0.78%          |          0.00%           |  0.00%   |     0.00%      |  6.25%  | 2.50%  |  4.17%  | 0.00% |   3.12%    |   25.00%  |   0.00%   | 0.00% |         6.25%          |         0.00%          |      6.25%      |         3.91%         |       0.00%        |        0.00%        |        0.00%        |      6.25%      |
|      3       |         3.91%          |          0.00%           |  7.21%   |     16.67%     |  18.75% | 3.75%  |  6.25%  | 0.00% |   6.25%    |   25.00%  |   0.00%   | 0.00% |         12.50%         |         12.50%         |      12.50%     |         3.91%         |       0.00%        |        0.00%        |        0.00%        |      25.00%     |
|      4       |         10.94%         |          0.00%           |  23.08%  |     33.33%     |  56.25% | 48.75% |  81.25% | 0.00% |   12.50%   |   75.00%  |   0.00%   | 0.00% |         43.75%         |         37.50%         |      18.75%     |         7.03%         |       0.00%        |        0.00%        |        0.00%        |      56.25%     |
|      5       |         11.72%         |          0.00%           |  26.44%  |     50.00%     |  25.00% | 46.25% |  77.08% | 0.00% |   6.25%    |   75.00%  |   0.00%   | 0.00% |         12.50%         |         25.00%         |      0.00%      |         7.03%         |       0.00%        |        0.00%        |        0.00%        |      25.00%     |
|      6       |         25.00%         |          0.00%           |  28.37%  |     50.00%     |  50.00% | 46.25% |  77.08% | 0.00% |   9.38%    |   75.00%  |   0.00%   | 0.00% |         31.25%         |         37.50%         |      12.50%     |         9.38%         |       0.00%        |        0.00%        |        0.00%        |      50.00%     |
|      7       |         9.38%          |          0.00%           |  12.98%  |     33.33%     |  18.75% | 43.75% |  72.92% | 0.00% |   3.12%    |   50.00%  |   0.00%   | 0.00% |         12.50%         |         12.50%         |      18.75%     |         0.00%         |       0.00%        |        0.00%        |        0.00%        |      31.25%     |
|      8       |         0.00%          |          0.00%           |  0.00%   |     0.00%      |  0.00%  | 0.00%  |  0.00%  | 0.00% |   0.00%    |   0.00%   |   0.00%   | 0.00% |         0.00%          |         0.00%          |      0.00%      |         0.00%         |       0.00%        |        0.00%        |        0.00%        |      0.00%      |
|      9       |         0.00%          |          0.00%           |  0.00%   |     0.00%      |  0.00%  | 0.00%  |  0.00%  | 0.00% |   0.00%    |   0.00%   |   0.00%   | 0.00% |         0.00%          |         0.00%          |      0.00%      |         0.00%         |       0.00%        |        0.00%        |        0.00%        |      0.00%      |
|      10      |         0.00%          |          0.00%           |  0.00%   |     0.00%      |  0.00%  | 0.00%  |  0.00%  | 0.00% |   0.00%    |   0.00%   |   0.00%   | 0.00% |         0.00%          |         0.00%          |      0.00%      |         0.00%         |       0.00%        |        0.00%        |        0.00%        |      0.00%      |
|      11      |         0.00%          |          0.00%           |  0.00%   |     0.00%      |  0.00%  | 0.00%  |  0.00%  | 0.00% |   0.00%    |   0.00%   |   0.00%   | 0.00% |         0.00%          |         0.00%          |      0.00%      |         0.00%         |       0.00%        |        0.00%        |        0.00%        |      0.00%      |
|              |                        |                          |          |                |         |        |         |       |            |           |           |       |                        |                        |                 |                       |                    |                     |                     |                 |
|   Average    |         10.74%         |          0.00%           |  14.78%  |     27.08%     |  25.78% | 24.84% |  40.36% | 0.00% |   6.64%    |   43.75%  |   0.00%   | 0.78% |         18.75%         |         17.97%         |      9.38%      |         4.69%         |       0.00%        |        0.00%        |        0.00%        |      29.69%     |
------------------------------------------------------------------------------------------------------------------------------------------------------------------------------------------------------------------------------------------------------------------------------------------------------------------------------------------------------------------


Allocated Resource Usage
---------------------------------------------------------------------------------------------------------------------------------------------------------
|                    Table                     | Stage  | Crossbar | Hash | Gateways | RAMs | TCAMs | Map  | Action |  VLIW |  Exm   |  Exm   |  Tind  |
|                     Name                     | Number |  Bytes   | Bits |          |      |       | RAMs |  Data  | Slots | Search | Result | Result |
|                                              |        |          |      |          |      |       |      |  Bus   |       |  Bus   |  Bus   |  Bus   |
|                                              |        |          |      |          |      |       |      | Bytes  |       |        |        |        |
---------------------------------------------------------------------------------------------------------------------------------------------------------
|      SwitchIngressParser.$PORT_METADATA      |   -1   |    0     |  0   |    0     |  0   |   0   |  0   |   0    |   0   |   0    |   0    |   0    |
|            SwitchIngress.forward             |   0    |    6     |  40  |    0     |  4   |   0   |  0   |   2    |   3   |   1    |   1    |   0    |
|                   cond-12                    |   0    |    9     |  8   |    1     |  0   |   0   |  0   |   0    |   0   |   1    |   0    |   0    |
|                cond-12$split                 |   0    |    2     |  0   |    1     |  0   |   0   |  0   |   0    |   0   |   1    |   0    |   0    |
|             cond-12$split$split              |   0    |    9     |  8   |    1     |  0   |   0   |  0   |   0    |   0   |   1    |   0    |   0    |
|                  tbl_bs434                   |   0    |    3     |  14  |    0     |  0   |   0   |  0   |   2    |   1   |   0    |   1    |   0    |
|              tbl_bs434-gateway               |   0    |    0     |  0   |    1     |  0   |   0   |  0   |   0    |   0   |   1    |   0    |   0    |
|                  tbl_bs557                   |   0    |    0     |  0   |    0     |  0   |   0   |  0   |   0    |   1   |   0    |   0    |   1    |
|         SwitchIngress.id_exists_reg          |   1    |    0     |  0   |    0     |  2   |   0   |  2   |   0    |   0   |   0    |   0    |   0    |
|         tbl_check_and_set_id_exists          |   1    |    2     |  14  |    0     |  0   |   0   |  0   |   4    |   1   |   0    |   1    |   0    |
|     tbl_check_and_set_id_exists-gateway      |   1    |    0     |  0   |    1     |  0   |   0   |  0   |   0    |   0   |   1    |   0    |   0    |
|           SwitchIngress.id_counter           |   2    |    0     |  0   |    0     |  2   |   0   |  2   |   0    |   0   |   0    |   0    |   0    |
|                   cond-13                    |   2    |    1     |  0   |    1     |  0   |   0   |  0   |   0    |   0   |   1    |   0    |   0    |
|                tbl_gen_new_id                |   2    |    0     |  0   |    0     |  0   |   0   |  0   |   5    |   1   |   0    |   0    |   1    |
|           SwitchIngress.qp_id_reg            |   3    |    2     |  16  |    0     |  3   |   0   |  3   |   0    |   0   |   0    |   0    |   0    |
|                   cond-14                    |   3    |    1     |  0   |    1     |  0   |   0   |  0   |   0    |   0   |   1    |   0    |   0    |
|                  tbl_bs449                   |   3    |    0     |  0   |    0     |  0   |   0   |  0   |   0    |   1   |   0    |   0    |   1    |
|                  tbl_bs452                   |   3    |    0     |  0   |    0     |  0   |   0   |  0   |   0    |   1   |   0    |   0    |   1    |
|                 tbl_read_id                  |   3    |    2     |  14  |    0     |  0   |   0   |  0   |   5    |   1   |   0    |   1    |   0    |
|             tbl_read_id-gateway              |   3    |    0     |  0   |    1     |  0   |   0   |  0   |   0    |   0   |   1    |   0    |   0    |
|               tbl_write_new_id               |   3    |    0     |  0   |    0     |  0   |   0   |  0   |   5    |   1   |   0    |   1    |   0    |
|           tbl_write_new_id-gateway           |   3    |    0     |  0   |    1     |  0   |   0   |  0   |   0    |   0   |   1    |   0    |   0    |
|          SwitchIngress.latest_keys           |   4    |    1     |  0   |    0     |  5   |   0   |  5   |   0    |   0   |   0    |   0    |   0    |
|  SwitchIngress.outstanding_write_vaddr_high  |   4    |    4     |  32  |    0     |  17  |   0   |  17  |   0    |   0   |   0    |   0    |   0    |
|  SwitchIngress.outstanding_write_vaddr_low   |   4    |    5     |  32  |    0     |  17  |   0   |  17  |   0    |   0   |   0    |   0    |   0    |
|                   cond-15                    |   4    |    1     |  0   |    1     |  0   |   0   |  0   |   0    |   0   |   1    |   0    |   0    |
|                   cond-16                    |   4    |    1     |  0   |    1     |  0   |   0   |  0   |   0    |   0   |   1    |   0    |   1    |
|                   cond-20                    |   4    |    1     |  0   |    1     |  0   |   0   |  0   |   0    |   0   |   1    |   0    |   0    |
|                   cond-21                    |   4    |    1     |  0   |    1     |  0   |   0   |  0   |   0    |   0   |   1    |   0    |   0    |
|                  tbl_bs467                   |   4    |    0     |  0   |    0     |  0   |   0   |  0   |   0    |   1   |   0    |   0    |   1    |
|                  tbl_bs512                   |   4    |    0     |  0   |    0     |  0   |   0   |  0   |   0    |   1   |   0    |   0    |   1    |
|              tbl_get_latest_key              |   4    |    2     |  16  |    0     |  0   |   0   |  0   |   1    |   1   |   0    |   1    |   0    |
|     tbl_get_outstanding_write_vaddr_high     |   4    |    0     |  0   |    0     |  0   |   0   |  0   |   4    |   1   |   0    |   1    |   0    |
| tbl_get_outstanding_write_vaddr_high-gateway |   4    |    0     |  0   |    1     |  0   |   0   |  0   |   0    |   0   |   1    |   0    |   0    |
|     tbl_get_outstanding_write_vaddr_low      |   4    |    2     |  16  |    0     |  0   |   0   |  0   |   4    |   1   |   0    |   1    |   0    |
| tbl_get_outstanding_write_vaddr_low-gateway  |   4    |    0     |  0   |    1     |  0   |   0   |  0   |   0    |   0   |   1    |   0    |   0    |
|              tbl_set_latest_key              |   4    |    0     |  0   |    0     |  0   |   0   |  0   |   1    |   1   |   0    |   1    |   0    |
|          tbl_set_latest_key-gateway          |   4    |    0     |  0   |    1     |  0   |   0   |  0   |   0    |   0   |   1    |   0    |   0    |
|     tbl_set_outstanding_write_vaddr_high     |   4    |    0     |  0   |    0     |  0   |   0   |  0   |   4    |   1   |   0    |   1    |   0    |
| tbl_set_outstanding_write_vaddr_high-gateway |   4    |    0     |  0   |    1     |  0   |   0   |  0   |   0    |   0   |   1    |   0    |   0    |
|     tbl_set_outstanding_write_vaddr_low      |   4    |    0     |  0   |    0     |  0   |   0   |  0   |   4    |   1   |   0    |   1    |   0    |
| tbl_set_outstanding_write_vaddr_low-gateway  |   4    |    0     |  0   |    1     |  0   |   0   |  0   |   0    |   0   |   1    |   0    |   0    |
|        SwitchIngress.next_vaddr_high         |   5    |    4     |  32  |    0     |  2   |   0   |  2   |   0    |   0   |   0    |   0    |   0    |
|         SwitchIngress.next_vaddr_low         |   5    |    4     |  32  |    0     |  2   |   0   |  2   |   0    |   0   |   0    |   0    |   0    |
|        SwitchIngress.write_cache_key         |   5    |    1     |  0   |    0     |  33  |   0   |  33  |   0    |   0   |   0    |   0    |   0    |
|       tbl_get_then_set_next_vaddr_high       |   5    |    0     |  0   |    0     |  0   |   0   |  0   |   4    |   1   |   0    |   1    |   0    |
|   tbl_get_then_set_next_vaddr_high-gateway   |   5    |    0     |  0   |    1     |  0   |   0   |  0   |   0    |   0   |   1    |   0    |   0    |
|       tbl_get_then_set_next_vaddr_low        |   5    |    1     |  8   |    0     |  0   |   0   |  0   |   4    |   1   |   0    |   1    |   0    |
|   tbl_get_then_set_next_vaddr_low-gateway    |   5    |    0     |  0   |    1     |  0   |   0   |  0   |   0    |   0   |   1    |   0    |   0    |
|           tbl_get_write_cache_key            |   5    |    4     |  19  |    0     |  0   |   0   |  0   |   1    |   1   |   0    |   1    |   0    |
|       tbl_get_write_cache_key-gateway        |   5    |    0     |  0   |    1     |  0   |   0   |  0   |   0    |   0   |   1    |   0    |   0    |
|           tbl_set_write_cache_key            |   5    |    4     |  19  |    0     |  0   |   0   |  0   |   1    |   1   |   0    |   1    |   0    |
|       tbl_set_write_cache_key-gateway        |   5    |    0     |  0   |    1     |  0   |   0   |  0   |   0    |   0   |   1    |   0    |   0    |
|         SwitchIngress.read_tail_high         |   6    |    4     |  32  |    0     |  2   |   0   |  2   |   0    |   0   |   0    |   0    |   0    |
|         SwitchIngress.read_tail_low          |   6    |    4     |  32  |    0     |  2   |   0   |  2   |   0    |   0   |   0    |   0    |   0    |
|        SwitchIngress.write_cache_low         |   6    |    2     |  8   |    0     |  33  |   0   |  33  |   0    |   0   |   0    |   0    |   0    |
|                   cond-17                    |   6    |    4     |  0   |    1     |  0   |   0   |  0   |   0    |   0   |   1    |   0    |   0    |
|                   cond-18                    |   6    |    8     |  0   |    1     |  0   |   0   |  0   |   0    |   0   |   1    |   0    |   0    |
|                   cond-19                    |   6    |    1     |  0   |    1     |  0   |   0   |  0   |   0    |   0   |   1    |   0    |   1    |
|                  tbl_bs494                   |   6    |    0     |  0   |    0     |  0   |   0   |  0   |   0    |   1   |   0    |   0    |   1    |
|            tbl_get_read_tail_high            |   6    |    0     |  0   |    0     |  0   |   0   |  0   |   4    |   1   |   0    |   1    |   0    |
|        tbl_get_read_tail_high-gateway        |   6    |    0     |  0   |    1     |  0   |   0   |  0   |   0    |   0   |   1    |   0    |   0    |
|            tbl_get_read_tail_low             |   6    |    1     |  8   |    0     |  0   |   0   |  0   |   4    |   1   |   0    |   1    |   0    |
|        tbl_get_read_tail_low-gateway         |   6    |    0     |  0   |    1     |  0   |   0   |  0   |   0    |   0   |   1    |   0    |   0    |
|           tbl_get_write_cache_low            |   6    |    4     |  19  |    0     |  0   |   0   |  0   |   4    |   1   |   0    |   1    |   0    |
|       tbl_get_write_cache_low-gateway        |   6    |    0     |  0   |    1     |  0   |   0   |  0   |   0    |   0   |   1    |   0    |   0    |
|            tbl_set_read_tail_high            |   6    |    0     |  0   |    0     |  0   |   0   |  0   |   4    |   1   |   0    |   1    |   0    |
|            tbl_set_read_tail_low             |   6    |    0     |  0   |    0     |  0   |   0   |  0   |   4    |   1   |   0    |   1    |   0    |
|        tbl_set_read_tail_low-gateway         |   6    |    0     |  0   |    1     |  0   |   0   |  0   |   0    |   0   |   1    |   0    |   0    |
|           tbl_set_write_cache_low            |   6    |    4     |  19  |    0     |  0   |   0   |  0   |   4    |   1   |   0    |   1    |   0    |
|       tbl_set_write_cache_low-gateway        |   6    |    0     |  0   |    1     |  0   |   0   |  0   |   0    |   0   |   1    |   0    |   0    |
|       SwitchIngress.read_miss_counter        |   7    |    0     |  0   |    0     |  2   |   0   |  2   |   0    |   0   |   0    |   0    |   0    |
|        SwitchIngress.write_cache_high        |   7    |    1     |  8   |    0     |  33  |   0   |  33  |   0    |   0   |   0    |   0    |   0    |
|                   cond-22                    |   7    |    6     |  8   |    1     |  0   |   0   |  0   |   0    |   0   |   1    |   0    |   0    |
|                  tbl_bs537                   |   7    |    0     |  0   |    0     |  0   |   0   |  0   |   0    |   1   |   0    |   0    |   1    |
|           tbl_get_write_cache_high           |   7    |    4     |  19  |    0     |  0   |   0   |  0   |   0    |   1   |   0    |   1    |   0    |
|       tbl_get_write_cache_high-gateway       |   7    |    0     |  0   |    1     |  0   |   0   |  0   |   0    |   0   |   1    |   0    |   0    |
|       tbl_inc_read_miss_counter_action       |   7    |    0     |  0   |    0     |  0   |   0   |  0   |   0    |   1   |   0    |   0    |   1    |
|      tbl_inc_read_miss_counter_action_0      |   7    |    0     |  0   |    0     |  0   |   0   |  0   |   0    |   1   |   0    |   0    |   1    |
|           tbl_set_write_cache_high           |   7    |    4     |  19  |    0     |  0   |   0   |  0   |   0    |   1   |   0    |   1    |   0    |
|       tbl_set_write_cache_high-gateway       |   7    |    0     |  0   |    1     |  0   |   0   |  0   |   0    |   0   |   1    |   0    |   0    |
---------------------------------------------------------------------------------------------------------------------------------------------------------

