+---------------------------------------------------------------------+
|  Log file: mau.resources.log                                        |
|  Compiler version: 9.7.0                                            |
|  Created on: Thu Aug 25 17:12:43 2022                               |
|  Run ID: 44390595eb3a7176                                           |
+---------------------------------------------------------------------+


---------------------------------------------------------------------------------------------------------------------------------------------------------------------------------------------------------------------------------------------------------------------------------------------------------------------------------------------------------------
| Stage Number | Exact Match Input xbar | Ternary Match Input xbar | Hash Bit | Hash Dist Unit | Gateway | SRAM | Map RAM | TCAM | VLIW Instr | Meter ALU | Stats ALU | Stash | Exact Match Search Bus | Exact Match Result Bus | Tind Result Bus | Action Data Bus Bytes | 8-bit Action Slots | 16-bit Action Slots | 32-bit Action Slots | Logical TableID |
---------------------------------------------------------------------------------------------------------------------------------------------------------------------------------------------------------------------------------------------------------------------------------------------------------------------------------------------------------------
|      0       |           8            |            0             |    40    |       0        |    1    |  12  |    8    |  0   |     3      |     2     |     2     |   1   |           1            |           1            |        5        |           7           |         0          |          0          |          0          |        6        |
|      1       |           22           |            0             |    30    |       1        |    4    |  0   |    0    |  0   |     1      |     0     |     0     |   0   |           3            |           1            |        0        |           2           |         0          |          0          |          0          |        4        |
|      2       |           2            |            0             |    14    |       1        |    1    |  2   |    2    |  0   |     1      |     1     |     0     |   0   |           1            |           1            |        0        |           1           |         0          |          0          |          0          |        1        |
|      3       |           1            |            0             |    0     |       0        |    1    |  2   |    2    |  0   |     1      |     1     |     0     |   0   |           1            |           0            |        1        |           2           |         0          |          0          |          0          |        1        |
|      4       |           5            |            0             |    14    |       1        |    3    |  3   |    3    |  0   |     2      |     1     |     0     |   0   |           2            |           2            |        2        |           2           |         0          |          0          |          0          |        4        |
|      5       |           14           |            0             |    64    |       2        |    9    |  6   |    6    |  0   |     4      |     3     |     0     |   0   |           7            |           6            |        3        |           9           |         0          |          0          |          0          |        9        |
|      6       |           17           |            0             |    78    |       3        |    4    |  37  |    37   |  0   |     2      |     3     |     0     |   0   |           2            |           4            |        0        |           9           |         0          |          0          |          0          |        4        |
|      7       |           33           |            0             |    86    |       3        |    8    |  37  |    37   |  0   |     3      |     3     |     0     |   0   |           5            |           6            |        2        |           12          |         0          |          0          |          0          |        8        |
|      8       |           13           |            0             |    46    |       2        |    3    |  35  |    35   |  0   |     1      |     2     |     0     |   0   |           2            |           2            |        3        |           0           |         0          |          0          |          0          |        5        |
|      9       |           0            |            0             |    0     |       0        |    0    |  0   |    0    |  0   |     0      |     0     |     0     |   0   |           0            |           0            |        0        |           0           |         0          |          0          |          0          |        0        |
|      10      |           0            |            0             |    0     |       0        |    0    |  0   |    0    |  0   |     0      |     0     |     0     |   0   |           0            |           0            |        0        |           0           |         0          |          0          |          0          |        0        |
|      11      |           0            |            0             |    0     |       0        |    0    |  0   |    0    |  0   |     0      |     0     |     0     |   0   |           0            |           0            |        0        |           0           |         0          |          0          |          0          |        0        |
|              |                        |                          |          |                |         |      |         |      |            |           |           |       |                        |                        |                 |                       |                    |                     |                     |                 |
|    Totals    |          115           |            0             |   372    |       13       |    34   | 134  |   130   |  0   |     18     |     16    |     2     |   1   |           24           |           23           |        16       |           44          |         0          |          0          |          0          |        42       |
---------------------------------------------------------------------------------------------------------------------------------------------------------------------------------------------------------------------------------------------------------------------------------------------------------------------------------------------------------------


------------------------------------------------------------------------------------------------------------------------------------------------------------------------------------------------------------------------------------------------------------------------------------------------------------------------------------------------------------------
| Stage Number | Exact Match Input xbar | Ternary Match Input xbar | Hash Bit | Hash Dist Unit | Gateway |  SRAM  | Map RAM |  TCAM | VLIW Instr | Meter ALU | Stats ALU | Stash | Exact Match Search Bus | Exact Match Result Bus | Tind Result Bus | Action Data Bus Bytes | 8-bit Action Slots | 16-bit Action Slots | 32-bit Action Slots | Logical TableID |
------------------------------------------------------------------------------------------------------------------------------------------------------------------------------------------------------------------------------------------------------------------------------------------------------------------------------------------------------------------
|      0       |         6.25%          |          0.00%           |  9.62%   |     0.00%      |  6.25%  | 15.00% |  16.67% | 0.00% |   9.38%    |   50.00%  |   50.00%  | 6.25% |         6.25%          |         6.25%          |      31.25%     |         5.47%         |       0.00%        |        0.00%        |        0.00%        |      37.50%     |
|      1       |         17.19%         |          0.00%           |  7.21%   |     16.67%     |  25.00% | 0.00%  |  0.00%  | 0.00% |   3.12%    |   0.00%   |   0.00%   | 0.00% |         18.75%         |         6.25%          |      0.00%      |         1.56%         |       0.00%        |        0.00%        |        0.00%        |      25.00%     |
|      2       |         1.56%          |          0.00%           |  3.37%   |     16.67%     |  6.25%  | 2.50%  |  4.17%  | 0.00% |   3.12%    |   25.00%  |   0.00%   | 0.00% |         6.25%          |         6.25%          |      0.00%      |         0.78%         |       0.00%        |        0.00%        |        0.00%        |      6.25%      |
|      3       |         0.78%          |          0.00%           |  0.00%   |     0.00%      |  6.25%  | 2.50%  |  4.17%  | 0.00% |   3.12%    |   25.00%  |   0.00%   | 0.00% |         6.25%          |         0.00%          |      6.25%      |         1.56%         |       0.00%        |        0.00%        |        0.00%        |      6.25%      |
|      4       |         3.91%          |          0.00%           |  3.37%   |     16.67%     |  18.75% | 3.75%  |  6.25%  | 0.00% |   6.25%    |   25.00%  |   0.00%   | 0.00% |         12.50%         |         12.50%         |      12.50%     |         1.56%         |       0.00%        |        0.00%        |        0.00%        |      25.00%     |
|      5       |         10.94%         |          0.00%           |  15.38%  |     33.33%     |  56.25% | 7.50%  |  12.50% | 0.00% |   12.50%   |   75.00%  |   0.00%   | 0.00% |         43.75%         |         37.50%         |      18.75%     |         7.03%         |       0.00%        |        0.00%        |        0.00%        |      56.25%     |
|      6       |         13.28%         |          0.00%           |  18.75%  |     50.00%     |  25.00% | 46.25% |  77.08% | 0.00% |   6.25%    |   75.00%  |   0.00%   | 0.00% |         12.50%         |         25.00%         |      0.00%      |         7.03%         |       0.00%        |        0.00%        |        0.00%        |      25.00%     |
|      7       |         25.78%         |          0.00%           |  20.67%  |     50.00%     |  50.00% | 46.25% |  77.08% | 0.00% |   9.38%    |   75.00%  |   0.00%   | 0.00% |         31.25%         |         37.50%         |      12.50%     |         9.38%         |       0.00%        |        0.00%        |        0.00%        |      50.00%     |
|      8       |         10.16%         |          0.00%           |  11.06%  |     33.33%     |  18.75% | 43.75% |  72.92% | 0.00% |   3.12%    |   50.00%  |   0.00%   | 0.00% |         12.50%         |         12.50%         |      18.75%     |         0.00%         |       0.00%        |        0.00%        |        0.00%        |      31.25%     |
|      9       |         0.00%          |          0.00%           |  0.00%   |     0.00%      |  0.00%  | 0.00%  |  0.00%  | 0.00% |   0.00%    |   0.00%   |   0.00%   | 0.00% |         0.00%          |         0.00%          |      0.00%      |         0.00%         |       0.00%        |        0.00%        |        0.00%        |      0.00%      |
|      10      |         0.00%          |          0.00%           |  0.00%   |     0.00%      |  0.00%  | 0.00%  |  0.00%  | 0.00% |   0.00%    |   0.00%   |   0.00%   | 0.00% |         0.00%          |         0.00%          |      0.00%      |         0.00%         |       0.00%        |        0.00%        |        0.00%        |      0.00%      |
|      11      |         0.00%          |          0.00%           |  0.00%   |     0.00%      |  0.00%  | 0.00%  |  0.00%  | 0.00% |   0.00%    |   0.00%   |   0.00%   | 0.00% |         0.00%          |         0.00%          |      0.00%      |         0.00%         |       0.00%        |        0.00%        |        0.00%        |      0.00%      |
|              |                        |                          |          |                |         |        |         |       |            |           |           |       |                        |                        |                 |                       |                    |                     |                     |                 |
|   Average    |         9.98%          |          0.00%           |  9.94%   |     24.07%     |  23.61% | 18.61% |  30.09% | 0.00% |   6.25%    |   44.44%  |   5.56%   | 0.69% |         16.67%         |         15.97%         |      11.11%     |         3.82%         |       0.00%        |        0.00%        |        0.00%        |      29.17%     |
------------------------------------------------------------------------------------------------------------------------------------------------------------------------------------------------------------------------------------------------------------------------------------------------------------------------------------------------------------------


Allocated Resource Usage
---------------------------------------------------------------------------------------------------------------------------------------------------------
|                    Table                     | Stage  | Crossbar | Hash | Gateways | RAMs | TCAMs | Map  | Action |  VLIW |  Exm   |  Exm   |  Tind  |
|                     Name                     | Number |  Bytes   | Bits |          |      |       | RAMs |  Data  | Slots | Search | Result | Result |
|                                              |        |          |      |          |      |       |      |  Bus   |       |  Bus   |  Bus   |  Bus   |
|                                              |        |          |      |          |      |       |      | Bytes  |       |        |        |        |
---------------------------------------------------------------------------------------------------------------------------------------------------------
|      SwitchIngressParser.$PORT_METADATA      |   -1   |    0     |  0   |    0     |  0   |   0   |  0   |   0    |   0   |   0    |   0    |   0    |
|            SwitchIngress.forward             |   0    |    6     |  40  |    0     |  4   |   0   |  0   |   2    |   3   |   1    |   1    |   0    |
|           SwitchIngress.rdma_size            |   0    |    0     |  0   |    0     |  2   |   0   |  2   |   0    |   0   |   0    |   0    |   0    |
|         SwitchIngress.swordbox_mode          |   0    |    0     |  0   |    0     |  2   |   0   |  2   |   0    |   0   |   0    |   0    |   0    |
|       SwitchIngress.total_byte_counter       |   0    |    0     |  0   |    0     |  2   |   0   |  2   |   0    |   0   |   0    |   0    |   0    |
|     SwitchIngress.total_packets_counter      |   0    |    0     |  0   |    0     |  2   |   0   |  2   |   0    |   0   |   0    |   0    |   0    |
|                   cond-13                    |   0    |    4     |  0   |    1     |  0   |   0   |  0   |   0    |   0   |   1    |   0    |   0    |
|                  tbl_bs417                   |   0    |    0     |  0   |    0     |  0   |   0   |  0   |   0    |   1   |   0    |   0    |   1    |
|                  tbl_bs418                   |   0    |    0     |  0   |    0     |  0   |   0   |  0   |   0    |   1   |   0    |   0    |   1    |
|                  tbl_bs553                   |   0    |    0     |  0   |    0     |  0   |   0   |  0   |   0    |   1   |   0    |   0    |   1    |
|           tbl_get_rdma_size_action           |   0    |    0     |  0   |    0     |  0   |   0   |  0   |   4    |   1   |   0    |   0    |   1    |
|         tbl_get_swordbox_mode_action         |   0    |    0     |  0   |    0     |  0   |   0   |  0   |   1    |   1   |   0    |   0    |   1    |
|                   cond-14                    |   1    |    9     |  8   |    1     |  0   |   0   |  0   |   0    |   0   |   1    |   0    |   0    |
|                cond-14$split                 |   1    |    1     |  0   |    1     |  0   |   0   |  0   |   0    |   0   |   1    |   0    |   0    |
|             cond-14$split$split              |   1    |    9     |  8   |    1     |  0   |   0   |  0   |   0    |   0   |   1    |   0    |   0    |
|                  tbl_bs433                   |   1    |    3     |  14  |    0     |  0   |   0   |  0   |   2    |   1   |   0    |   1    |   0    |
|              tbl_bs433-gateway               |   1    |    0     |  0   |    1     |  0   |   0   |  0   |   0    |   0   |   1    |   0    |   0    |
|         SwitchIngress.id_exists_reg          |   2    |    0     |  0   |    0     |  2   |   0   |  2   |   0    |   0   |   0    |   0    |   0    |
|         tbl_check_and_set_id_exists          |   2    |    2     |  14  |    0     |  0   |   0   |  0   |   1    |   1   |   0    |   1    |   0    |
|     tbl_check_and_set_id_exists-gateway      |   2    |    0     |  0   |    1     |  0   |   0   |  0   |   0    |   0   |   1    |   0    |   0    |
|           SwitchIngress.id_counter           |   3    |    0     |  0   |    0     |  2   |   0   |  2   |   0    |   0   |   0    |   0    |   0    |
|                   cond-15                    |   3    |    1     |  0   |    1     |  0   |   0   |  0   |   0    |   0   |   1    |   0    |   0    |
|                tbl_gen_new_id                |   3    |    0     |  0   |    0     |  0   |   0   |  0   |   2    |   1   |   0    |   0    |   1    |
|           SwitchIngress.qp_id_reg            |   4    |    2     |  0   |    0     |  3   |   0   |  3   |   0    |   0   |   0    |   0    |   0    |
|                   cond-16                    |   4    |    1     |  0   |    1     |  0   |   0   |  0   |   0    |   0   |   1    |   0    |   0    |
|                  tbl_bs448                   |   4    |    0     |  0   |    0     |  0   |   0   |  0   |   0    |   1   |   0    |   0    |   1    |
|                  tbl_bs451                   |   4    |    0     |  0   |    0     |  0   |   0   |  0   |   0    |   1   |   0    |   0    |   1    |
|                 tbl_read_id                  |   4    |    2     |  14  |    0     |  0   |   0   |  0   |   2    |   1   |   0    |   1    |   0    |
|             tbl_read_id-gateway              |   4    |    0     |  0   |    1     |  0   |   0   |  0   |   0    |   0   |   1    |   0    |   0    |
|               tbl_write_new_id               |   4    |    0     |  0   |    0     |  0   |   0   |  0   |   2    |   1   |   0    |   1    |   0    |
|           tbl_write_new_id-gateway           |   4    |    0     |  0   |    1     |  0   |   0   |  0   |   0    |   0   |   1    |   0    |   0    |
|          SwitchIngress.latest_keys           |   5    |    1     |  0   |    0     |  2   |   0   |  2   |   0    |   0   |   0    |   0    |   0    |
|  SwitchIngress.outstanding_write_vaddr_high  |   5    |    4     |  0   |    0     |  2   |   0   |  2   |   0    |   0   |   0    |   0    |   0    |
|  SwitchIngress.outstanding_write_vaddr_low   |   5    |    5     |  32  |    0     |  2   |   0   |  2   |   0    |   0   |   0    |   0    |   0    |
|                   cond-17                    |   5    |    1     |  0   |    1     |  0   |   0   |  0   |   0    |   0   |   1    |   0    |   0    |
|                   cond-18                    |   5    |    1     |  0   |    1     |  0   |   0   |  0   |   0    |   0   |   1    |   0    |   1    |
|                   cond-22                    |   5    |    1     |  0   |    1     |  0   |   0   |  0   |   0    |   0   |   1    |   0    |   0    |
|                   cond-23                    |   5    |    1     |  0   |    1     |  0   |   0   |  0   |   0    |   0   |   1    |   0    |   0    |
|                  tbl_bs465                   |   5    |    0     |  0   |    0     |  0   |   0   |  0   |   0    |   1   |   0    |   0    |   1    |
|                  tbl_bs508                   |   5    |    0     |  0   |    0     |  0   |   0   |  0   |   0    |   1   |   0    |   0    |   1    |
|              tbl_get_latest_key              |   5    |    2     |  16  |    0     |  0   |   0   |  0   |   1    |   1   |   0    |   1    |   0    |
|     tbl_get_outstanding_write_vaddr_high     |   5    |    0     |  0   |    0     |  0   |   0   |  0   |   4    |   1   |   0    |   1    |   0    |
| tbl_get_outstanding_write_vaddr_high-gateway |   5    |    0     |  0   |    1     |  0   |   0   |  0   |   0    |   0   |   1    |   0    |   0    |
|     tbl_get_outstanding_write_vaddr_low      |   5    |    2     |  16  |    0     |  0   |   0   |  0   |   4    |   1   |   0    |   1    |   0    |
| tbl_get_outstanding_write_vaddr_low-gateway  |   5    |    0     |  0   |    1     |  0   |   0   |  0   |   0    |   0   |   1    |   0    |   0    |
|              tbl_set_latest_key              |   5    |    0     |  0   |    0     |  0   |   0   |  0   |   1    |   1   |   0    |   1    |   0    |
|          tbl_set_latest_key-gateway          |   5    |    0     |  0   |    1     |  0   |   0   |  0   |   0    |   0   |   1    |   0    |   0    |
|     tbl_set_outstanding_write_vaddr_high     |   5    |    0     |  0   |    0     |  0   |   0   |  0   |   4    |   1   |   0    |   1    |   0    |
| tbl_set_outstanding_write_vaddr_high-gateway |   5    |    0     |  0   |    1     |  0   |   0   |  0   |   0    |   0   |   1    |   0    |   0    |
|     tbl_set_outstanding_write_vaddr_low      |   5    |    0     |  0   |    0     |  0   |   0   |  0   |   4    |   1   |   0    |   1    |   0    |
| tbl_set_outstanding_write_vaddr_low-gateway  |   5    |    0     |  0   |    1     |  0   |   0   |  0   |   0    |   0   |   1    |   0    |   0    |
|        SwitchIngress.next_vaddr_high         |   6    |    5     |  32  |    0     |  2   |   0   |  2   |   0    |   0   |   0    |   0    |   0    |
|         SwitchIngress.next_vaddr_low         |   6    |    4     |  0   |    0     |  2   |   0   |  2   |   0    |   0   |   0    |   0    |   0    |
|        SwitchIngress.write_cache_key         |   6    |    1     |  0   |    0     |  33  |   0   |  33  |   0    |   0   |   0    |   0    |   0    |
|       tbl_get_then_set_next_vaddr_high       |   6    |    0     |  0   |    0     |  0   |   0   |  0   |   4    |   1   |   0    |   1    |   0    |
|   tbl_get_then_set_next_vaddr_high-gateway   |   6    |    0     |  0   |    1     |  0   |   0   |  0   |   0    |   0   |   1    |   0    |   0    |
|       tbl_get_then_set_next_vaddr_low        |   6    |    1     |  8   |    0     |  0   |   0   |  0   |   4    |   1   |   0    |   1    |   0    |
|   tbl_get_then_set_next_vaddr_low-gateway    |   6    |    0     |  0   |    1     |  0   |   0   |  0   |   0    |   0   |   1    |   0    |   0    |
|           tbl_get_write_cache_key            |   6    |    4     |  19  |    0     |  0   |   0   |  0   |   1    |   1   |   0    |   1    |   0    |
|       tbl_get_write_cache_key-gateway        |   6    |    0     |  0   |    1     |  0   |   0   |  0   |   0    |   0   |   1    |   0    |   0    |
|           tbl_set_write_cache_key            |   6    |    4     |  19  |    0     |  0   |   0   |  0   |   1    |   1   |   0    |   1    |   0    |
|       tbl_set_write_cache_key-gateway        |   6    |    0     |  0   |    1     |  0   |   0   |  0   |   0    |   0   |   1    |   0    |   0    |
|         SwitchIngress.read_tail_high         |   7    |    5     |  32  |    0     |  2   |   0   |  2   |   0    |   0   |   0    |   0    |   0    |
|         SwitchIngress.read_tail_low          |   7    |    4     |  0   |    0     |  2   |   0   |  2   |   0    |   0   |   0    |   0    |   0    |
|        SwitchIngress.write_cache_low         |   7    |    2     |  8   |    0     |  33  |   0   |  33  |   0    |   0   |   0    |   0    |   0    |
|                   cond-19                    |   7    |    4     |  0   |    1     |  0   |   0   |  0   |   0    |   0   |   1    |   0    |   0    |
|                   cond-20                    |   7    |    8     |  0   |    1     |  0   |   0   |  0   |   0    |   0   |   1    |   0    |   0    |
|                   cond-21                    |   7    |    1     |  0   |    1     |  0   |   0   |  0   |   0    |   0   |   1    |   0    |   1    |
|                  tbl_bs492                   |   7    |    0     |  0   |    0     |  0   |   0   |  0   |   0    |   1   |   0    |   0    |   1    |
|            tbl_get_read_tail_high            |   7    |    0     |  0   |    0     |  0   |   0   |  0   |   4    |   1   |   0    |   1    |   0    |
|        tbl_get_read_tail_high-gateway        |   7    |    0     |  0   |    1     |  0   |   0   |  0   |   0    |   0   |   1    |   0    |   0    |
|            tbl_get_read_tail_low             |   7    |    1     |  8   |    0     |  0   |   0   |  0   |   4    |   1   |   0    |   1    |   0    |
|        tbl_get_read_tail_low-gateway         |   7    |    0     |  0   |    1     |  0   |   0   |  0   |   0    |   0   |   1    |   0    |   0    |
|           tbl_get_write_cache_low            |   7    |    4     |  19  |    0     |  0   |   0   |  0   |   4    |   1   |   0    |   1    |   0    |
|       tbl_get_write_cache_low-gateway        |   7    |    0     |  0   |    1     |  0   |   0   |  0   |   0    |   0   |   1    |   0    |   0    |
|            tbl_set_read_tail_high            |   7    |    0     |  0   |    0     |  0   |   0   |  0   |   4    |   1   |   0    |   1    |   0    |
|            tbl_set_read_tail_low             |   7    |    0     |  0   |    0     |  0   |   0   |  0   |   4    |   1   |   0    |   1    |   0    |
|        tbl_set_read_tail_low-gateway         |   7    |    0     |  0   |    1     |  0   |   0   |  0   |   0    |   0   |   1    |   0    |   0    |
|           tbl_set_write_cache_low            |   7    |    4     |  19  |    0     |  0   |   0   |  0   |   4    |   1   |   0    |   1    |   0    |
|       tbl_set_write_cache_low-gateway        |   7    |    0     |  0   |    1     |  0   |   0   |  0   |   0    |   0   |   1    |   0    |   0    |
|       SwitchIngress.read_miss_counter        |   8    |    0     |  0   |    0     |  2   |   0   |  2   |   0    |   0   |   0    |   0    |   0    |
|        SwitchIngress.write_cache_high        |   8    |    1     |  0   |    0     |  33  |   0   |  33  |   0    |   0   |   0    |   0    |   0    |
|                   cond-24                    |   8    |    6     |  8   |    1     |  0   |   0   |  0   |   0    |   0   |   1    |   0    |   0    |
|                  tbl_bs533                   |   8    |    0     |  0   |    0     |  0   |   0   |  0   |   0    |   1   |   0    |   0    |   1    |
|           tbl_get_write_cache_high           |   8    |    4     |  19  |    0     |  0   |   0   |  0   |   0    |   1   |   0    |   1    |   0    |
|       tbl_get_write_cache_high-gateway       |   8    |    0     |  0   |    1     |  0   |   0   |  0   |   0    |   0   |   1    |   0    |   0    |
|       tbl_inc_read_miss_counter_action       |   8    |    0     |  0   |    0     |  0   |   0   |  0   |   0    |   1   |   0    |   0    |   1    |
|      tbl_inc_read_miss_counter_action_0      |   8    |    0     |  0   |    0     |  0   |   0   |  0   |   0    |   1   |   0    |   0    |   1    |
|           tbl_set_write_cache_high           |   8    |    4     |  19  |    0     |  0   |   0   |  0   |   0    |   1   |   0    |   1    |   0    |
|       tbl_set_write_cache_high-gateway       |   8    |    0     |  0   |    1     |  0   |   0   |  0   |   0    |   0   |   1    |   0    |   0    |
---------------------------------------------------------------------------------------------------------------------------------------------------------

